[0.156s] DEBUG:colcon:Command line arguments: ['/usr/bin/colcon', 'build', '--symlink-install']
[0.156s] DEBUG:colcon:Parsed command line arguments: Namespace(log_base=None, log_level=None, verb_name='build', build_base='build', install_base='install', merge_install=False, symlink_install=True, test_result_base=None, continue_on_error=False, executor='parallel', parallel_workers=20, event_handlers=None, ignore_user_meta=False, metas=['./colcon.meta'], base_paths=['.'], packages_ignore=None, packages_ignore_regex=None, paths=None, packages_up_to=None, packages_up_to_regex=None, packages_above=None, packages_above_and_dependencies=None, packages_above_depth=None, packages_select_by_dep=None, packages_skip_by_dep=None, packages_skip_up_to=None, packages_select_build_failed=False, packages_skip_build_finished=False, packages_select_test_failures=False, packages_skip_test_passed=False, packages_select=None, packages_skip=None, packages_select_regex=None, packages_skip_regex=None, packages_start=None, packages_end=None, allow_overriding=[], cmake_args=None, cmake_target=None, cmake_target_skip_unavailable=False, cmake_clean_cache=False, cmake_clean_first=False, cmake_force_configure=False, ament_cmake_args=None, catkin_cmake_args=None, catkin_skip_building_tests=False, mixin_files=None, mixin=None, verb_parser=<colcon_mixin.mixin.mixin_argument.MixinArgumentDecorator object at 0x71aef818c6b0>, verb_extension=<colcon_core.verb.build.BuildVerb object at 0x71aef818c410>, main=<bound method BuildVerb.main of <colcon_core.verb.build.BuildVerb object at 0x71aef818c410>>, mixin_verb=('build',))
[0.218s] Level 1:colcon.colcon_core.package_discovery:discover_packages(colcon_meta) check parameters
[0.218s] Level 1:colcon.colcon_core.package_discovery:discover_packages(recursive) check parameters
[0.218s] Level 1:colcon.colcon_core.package_discovery:discover_packages(ignore) check parameters
[0.218s] Level 1:colcon.colcon_core.package_discovery:discover_packages(path) check parameters
[0.218s] Level 1:colcon.colcon_core.package_discovery:discover_packages(colcon_meta) discover
[0.218s] Level 1:colcon.colcon_core.package_discovery:discover_packages(recursive) discover
[0.218s] INFO:colcon.colcon_core.package_discovery:Crawling recursively for packages in '/home/gosha/slam/install'
[0.218s] Level 1:colcon.colcon_core.package_identification:_identify(.) by extensions ['ignore', 'ignore_ament_install']
[0.218s] Level 1:colcon.colcon_core.package_identification:_identify(.) by extension 'ignore'
[0.218s] Level 1:colcon.colcon_core.package_identification:_identify(.) ignored
[0.218s] Level 1:colcon.colcon_core.package_discovery:discover_packages(recursive) using defaults
[0.218s] Level 1:colcon.colcon_core.package_discovery:discover_packages(ignore) discover
[0.218s] Level 1:colcon.colcon_core.package_discovery:discover_packages(ignore) using defaults
[0.218s] Level 1:colcon.colcon_core.package_discovery:discover_packages(path) discover
[0.218s] Level 1:colcon.colcon_core.package_discovery:discover_packages(path) using defaults
[0.249s] Level 1:colcon.colcon_core.package_discovery:discover_packages(prefix_path) check parameters
[0.249s] Level 1:colcon.colcon_core.package_discovery:discover_packages(prefix_path) discover
[0.252s] DEBUG:colcon.colcon_installed_package_information.package_discovery:Found 0 installed packages in /home/gosha/slam/install
[0.254s] DEBUG:colcon.colcon_installed_package_information.package_discovery:Found 320 installed packages in /opt/ros/rolling
[0.255s] Level 1:colcon.colcon_core.package_discovery:discover_packages(prefix_path) using defaults
[0.299s] INFO:colcon.colcon_core.executor:Executing jobs using 'parallel' executor
[0.300s] DEBUG:colcon.colcon_parallel_executor.executor.parallel:run_until_complete
[0.300s] DEBUG:colcon.colcon_parallel_executor.executor.parallel:closing loop
[0.300s] DEBUG:colcon.colcon_parallel_executor.executor.parallel:loop closed
[0.300s] DEBUG:colcon.colcon_parallel_executor.executor.parallel:run_until_complete finished with '0'
[0.301s] DEBUG:colcon.colcon_core.event_reactor:joining thread
[0.315s] INFO:colcon.colcon_core.plugin_system:Skipping extension 'colcon_notification.desktop_notification.terminal_notifier': Not used on non-Darwin systems
[0.315s] INFO:colcon.colcon_core.plugin_system:Skipping extension 'colcon_notification.desktop_notification.win32': Not used on non-Windows systems
[0.315s] INFO:colcon.colcon_notification.desktop_notification:Sending desktop notification using 'notify2'
[0.340s] DEBUG:colcon.colcon_core.event_reactor:joined thread
[0.347s] INFO:colcon.colcon_core.plugin_system:Skipping extension 'colcon_core.shell.bat': Not used on non-Windows systems
[0.347s] INFO:colcon.colcon_core.shell:Creating prefix script '/home/gosha/slam/install/install/local_setup.ps1'
[0.350s] INFO:colcon.colcon_core.shell:Creating prefix util module '/home/gosha/slam/install/install/_local_setup_util_ps1.py'
[0.352s] INFO:colcon.colcon_core.shell:Creating prefix chain script '/home/gosha/slam/install/install/setup.ps1'
[0.353s] INFO:colcon.colcon_core.shell:Creating prefix script '/home/gosha/slam/install/install/local_setup.sh'
[0.354s] INFO:colcon.colcon_core.shell:Creating prefix util module '/home/gosha/slam/install/install/_local_setup_util_sh.py'
[0.355s] INFO:colcon.colcon_core.shell:Creating prefix chain script '/home/gosha/slam/install/install/setup.sh'
[0.356s] INFO:colcon.colcon_core.shell:Creating prefix script '/home/gosha/slam/install/install/local_setup.bash'
[0.357s] INFO:colcon.colcon_core.shell:Creating prefix chain script '/home/gosha/slam/install/install/setup.bash'
[0.358s] INFO:colcon.colcon_core.shell:Creating prefix script '/home/gosha/slam/install/install/local_setup.zsh'
[0.359s] INFO:colcon.colcon_core.shell:Creating prefix chain script '/home/gosha/slam/install/install/setup.zsh'
